TN:
SF:src/app/layout.tsx
FN:1,(empty-report)
FNF:1
FNH:0
FNDA:0,(empty-report)
DA:1,0
DA:2,0
DA:3,0
DA:4,0
DA:5,0
DA:6,0
DA:7,0
DA:8,0
DA:9,0
DA:10,0
DA:11,0
DA:12,0
DA:13,0
DA:14,0
DA:15,0
DA:16,0
DA:17,0
DA:18,0
DA:19,0
DA:20,0
DA:21,0
DA:22,0
DA:23,0
DA:24,0
DA:25,0
DA:26,0
DA:27,0
DA:28,0
DA:29,0
LF:29
LH:0
BRDA:1,0,0,0
BRF:1
BRH:0
end_of_record
TN:
SF:src/app/page.tsx
FN:1,(empty-report)
FNF:1
FNH:0
FNDA:0,(empty-report)
DA:1,0
DA:2,0
DA:3,0
DA:4,0
DA:5,0
LF:5
LH:0
BRDA:1,0,0,0
BRF:1
BRH:0
end_of_record
TN:
SF:src/app/api/results/route.ts
FN:1,(empty-report)
FNF:1
FNH:0
FNDA:0,(empty-report)
DA:1,0
DA:2,0
DA:3,0
DA:4,0
DA:5,0
DA:6,0
DA:7,0
DA:8,0
DA:9,0
DA:10,0
DA:11,0
DA:12,0
DA:13,0
DA:14,0
DA:15,0
DA:16,0
DA:17,0
DA:18,0
DA:19,0
DA:20,0
DA:21,0
DA:22,0
DA:23,0
DA:24,0
DA:25,0
DA:26,0
DA:27,0
DA:28,0
DA:29,0
DA:30,0
DA:31,0
DA:32,0
DA:33,0
DA:34,0
DA:35,0
DA:36,0
DA:37,0
DA:38,0
DA:39,0
DA:40,0
DA:41,0
DA:42,0
DA:43,0
DA:44,0
DA:45,0
DA:46,0
DA:47,0
DA:48,0
DA:49,0
DA:50,0
DA:51,0
DA:52,0
LF:52
LH:0
BRDA:1,0,0,0
BRF:1
BRH:0
end_of_record
TN:
SF:src/components/millionaire-app.tsx
FN:42,isValidEmail
FN:46,formatDateTime
FN:57,getOptionState
FN:80,MillionaireApp
FN:98,playFeedbackSound
FN:157,sendResultsEmail
FN:268,handleKeyDown
FN:290,handleStartRun
FN:313,handleSubmitAnswer
FN:327,handleAdvance
FN:338,handleRestart
FN:347,handleRetryEmail
FN:355,handleSoundToggle
FN:413,onChange
FN:423,onChange
FN:448,onClick
FNF:16
FNH:1
FNDA:0,isValidEmail
FNDA:0,formatDateTime
FNDA:0,getOptionState
FNDA:6,MillionaireApp
FNDA:0,playFeedbackSound
FNDA:0,sendResultsEmail
FNDA:0,handleKeyDown
FNDA:0,handleStartRun
FNDA:0,handleSubmitAnswer
FNDA:0,handleAdvance
FNDA:0,handleRestart
FNDA:0,handleRetryEmail
FNDA:0,handleSoundToggle
FNDA:0,onChange
FNDA:0,onChange
FNDA:0,onClick
DA:1,1
DA:2,1
DA:3,1
DA:4,1
DA:5,1
DA:6,1
DA:7,1
DA:8,1
DA:9,1
DA:10,1
DA:11,1
DA:12,1
DA:13,1
DA:14,1
DA:15,1
DA:16,1
DA:17,1
DA:18,1
DA:19,1
DA:20,1
DA:21,1
DA:22,1
DA:23,1
DA:24,1
DA:25,1
DA:26,1
DA:27,1
DA:28,1
DA:29,1
DA:30,1
DA:31,1
DA:32,1
DA:33,1
DA:34,1
DA:35,1
DA:36,1
DA:37,1
DA:38,1
DA:39,1
DA:40,1
DA:41,1
DA:42,0
DA:43,0
DA:44,0
DA:45,1
DA:46,0
DA:47,0
DA:48,0
DA:49,0
DA:50,0
DA:51,0
DA:52,0
DA:53,0
DA:54,0
DA:55,0
DA:56,1
DA:57,0
DA:58,0
DA:59,0
DA:60,0
DA:61,0
DA:62,0
DA:63,0
DA:64,0
DA:65,0
DA:66,0
DA:67,0
DA:68,0
DA:69,0
DA:70,0
DA:71,0
DA:72,0
DA:73,0
DA:74,0
DA:75,0
DA:76,0
DA:77,0
DA:78,0
DA:79,1
DA:80,1
DA:81,6
DA:82,6
DA:83,6
DA:84,6
DA:85,6
DA:86,6
DA:87,6
DA:88,6
DA:89,6
DA:90,6
DA:91,6
DA:92,6
DA:93,6
DA:94,6
DA:95,6
DA:96,6
DA:97,6
DA:98,6
DA:99,0
DA:100,0
DA:101,0
DA:102,0
DA:103,0
DA:104,0
DA:105,0
DA:106,0
DA:107,0
DA:108,0
DA:109,0
DA:110,0
DA:111,0
DA:112,0
DA:113,0
DA:114,0
DA:115,0
DA:116,0
DA:117,0
DA:118,0
DA:119,0
DA:120,0
DA:121,0
DA:122,0
DA:123,0
DA:124,0
DA:125,0
DA:126,0
DA:127,0
DA:128,0
DA:129,0
DA:130,0
DA:131,0
DA:132,0
DA:133,0
DA:134,0
DA:135,0
DA:136,0
DA:137,0
DA:138,6
DA:139,6
DA:140,0
DA:141,0
DA:142,0
DA:143,0
DA:144,0
DA:145,0
DA:146,0
DA:147,6
DA:148,6
DA:149,0
DA:150,0
DA:151,0
DA:152,0
DA:153,0
DA:154,0
DA:155,0
DA:156,6
DA:157,6
DA:158,0
DA:159,0
DA:160,0
DA:161,0
DA:162,0
DA:163,0
DA:164,0
DA:165,0
DA:166,0
DA:167,0
DA:168,0
DA:169,0
DA:170,0
DA:171,0
DA:172,0
DA:173,0
DA:174,0
DA:175,0
DA:176,0
DA:177,0
DA:178,0
DA:179,0
DA:180,0
DA:181,0
DA:182,0
DA:183,6
DA:184,6
DA:185,3
DA:186,3
DA:187,3
DA:188,3
DA:189,3
DA:190,3
DA:191,0
DA:192,0
DA:193,0
DA:194,0
DA:195,0
DA:196,0
DA:197,3
DA:198,3
DA:199,0
DA:200,0
DA:201,3
DA:202,3
DA:203,6
DA:204,6
DA:205,6
DA:206,3
DA:207,3
DA:208,3
DA:209,0
DA:210,0
DA:211,0
DA:212,6
DA:213,6
DA:214,6
DA:215,3
DA:216,6
DA:217,6
DA:218,6
DA:219,3
DA:220,3
DA:221,3
DA:222,0
DA:223,0
DA:224,6
DA:225,6
DA:226,6
DA:227,3
DA:228,3
DA:229,3
DA:230,0
DA:231,0
DA:232,0
DA:233,0
DA:234,0
DA:235,0
DA:236,0
DA:237,0
DA:238,0
DA:239,6
DA:240,6
DA:241,6
DA:242,3
DA:243,3
DA:244,3
DA:245,0
DA:246,0
DA:247,0
DA:248,0
DA:249,0
DA:250,0
DA:251,0
DA:252,3
DA:253,6
DA:254,6
DA:255,6
DA:256,3
DA:257,3
DA:258,3
DA:259,0
DA:260,0
DA:261,6
DA:262,6
DA:263,6
DA:264,3
DA:265,3
DA:266,3
DA:267,0
DA:268,0
DA:269,0
DA:270,0
DA:271,0
DA:272,0
DA:273,0
DA:274,0
DA:275,0
DA:276,0
DA:277,0
DA:278,0
DA:279,0
DA:280,0
DA:281,0
DA:282,0
DA:283,0
DA:284,0
DA:285,0
DA:286,0
DA:287,0
DA:288,6
DA:289,6
DA:290,6
DA:291,0
DA:292,0
DA:293,0
DA:294,0
DA:295,0
DA:296,0
DA:297,0
DA:298,0
DA:299,0
DA:300,0
DA:301,0
DA:302,0
DA:303,0
DA:304,0
DA:305,0
DA:306,0
DA:307,0
DA:308,0
DA:309,0
DA:310,0
DA:311,0
DA:312,6
DA:313,6
DA:314,0
DA:315,0
DA:316,0
DA:317,0
DA:318,0
DA:319,0
DA:320,0
DA:321,0
DA:322,0
DA:323,0
DA:324,0
DA:325,0
DA:326,6
DA:327,6
DA:328,0
DA:329,0
DA:330,0
DA:331,0
DA:332,0
DA:333,0
DA:334,0
DA:335,0
DA:336,0
DA:337,6
DA:338,6
DA:339,0
DA:340,0
DA:341,0
DA:342,0
DA:343,0
DA:344,0
DA:345,0
DA:346,6
DA:347,6
DA:348,0
DA:349,0
DA:350,0
DA:351,0
DA:352,0
DA:353,0
DA:354,6
DA:355,6
DA:356,0
DA:357,0
DA:358,0
DA:359,0
DA:360,0
DA:361,0
DA:362,0
DA:363,0
DA:364,0
DA:365,6
DA:366,6
DA:367,6
DA:368,6
DA:369,3
DA:370,3
DA:371,3
DA:372,3
DA:373,3
DA:374,3
DA:375,3
DA:376,3
DA:377,3
DA:378,3
DA:379,3
DA:380,3
DA:381,3
DA:382,3
DA:383,3
DA:384,3
DA:385,3
DA:386,3
DA:387,3
DA:388,3
DA:389,3
DA:390,3
DA:391,3
DA:392,3
DA:393,3
DA:394,6
DA:395,6
DA:396,6
DA:397,6
DA:398,6
DA:399,3
DA:400,3
DA:401,3
DA:402,3
DA:403,3
DA:404,3
DA:405,3
DA:406,3
DA:407,3
DA:408,3
DA:409,3
DA:410,3
DA:411,3
DA:412,3
DA:413,3
DA:414,3
DA:415,3
DA:416,3
DA:417,3
DA:418,3
DA:419,3
DA:420,3
DA:421,3
DA:422,3
DA:423,3
DA:424,3
DA:425,3
DA:426,3
DA:427,3
DA:428,3
DA:429,3
DA:430,3
DA:431,3
DA:432,3
DA:433,0
DA:434,0
DA:435,0
DA:436,0
DA:437,0
DA:438,0
DA:439,0
DA:440,0
DA:441,3
DA:442,3
DA:443,3
DA:444,9
DA:445,9
DA:446,3
DA:447,3
DA:448,3
DA:449,3
DA:450,3
DA:451,3
DA:452,3
DA:453,3
DA:454,3
DA:455,3
DA:456,3
DA:457,3
DA:458,3
DA:459,3
DA:460,3
DA:461,3
DA:462,3
DA:463,3
DA:464,3
DA:465,3
DA:466,3
DA:467,3
DA:468,3
DA:469,3
DA:470,3
DA:471,3
DA:472,3
DA:473,3
DA:474,6
DA:475,6
DA:476,0
DA:477,0
DA:478,0
DA:479,0
DA:480,0
DA:481,0
DA:482,0
DA:483,0
DA:484,0
DA:485,0
DA:486,0
DA:487,0
DA:488,0
DA:489,0
DA:490,0
DA:491,0
DA:492,0
DA:493,0
DA:494,0
DA:495,0
DA:496,0
DA:497,0
DA:498,0
DA:499,0
DA:500,0
DA:501,0
DA:502,0
DA:503,0
DA:504,0
DA:505,0
DA:506,0
DA:507,0
DA:508,0
DA:509,0
DA:510,0
DA:511,0
DA:512,0
DA:513,0
DA:514,0
DA:515,0
DA:516,0
DA:517,0
DA:518,0
DA:519,0
DA:520,0
DA:521,0
DA:522,0
DA:523,0
DA:524,0
DA:525,0
DA:526,0
DA:527,0
DA:528,0
DA:529,0
DA:530,0
DA:531,0
DA:532,0
DA:533,0
DA:534,0
DA:535,0
DA:536,0
DA:537,0
DA:538,0
DA:539,0
DA:540,0
DA:541,0
DA:542,0
DA:543,0
DA:544,0
DA:545,0
DA:546,0
DA:547,0
DA:548,0
DA:549,0
DA:550,0
DA:551,0
DA:552,0
DA:553,0
DA:554,0
DA:555,0
DA:556,0
DA:557,0
DA:558,0
DA:559,0
DA:560,0
DA:561,0
DA:562,0
DA:563,0
DA:564,0
DA:565,0
DA:566,0
DA:567,0
DA:568,0
DA:569,0
DA:570,0
DA:571,0
DA:572,0
DA:573,0
DA:574,0
DA:575,0
DA:576,0
DA:577,0
DA:578,0
DA:579,0
DA:580,0
DA:581,0
DA:582,0
DA:583,0
DA:584,0
DA:585,0
DA:586,0
DA:587,0
DA:588,0
DA:589,0
DA:590,0
DA:591,0
DA:592,0
DA:593,0
DA:594,0
DA:595,0
DA:596,0
DA:597,0
DA:598,0
DA:599,0
DA:600,0
DA:601,0
DA:602,0
DA:603,0
DA:604,0
DA:605,0
DA:606,0
DA:607,0
DA:608,0
DA:609,0
DA:610,0
DA:611,0
DA:612,0
DA:613,0
DA:614,0
DA:615,0
DA:616,0
DA:617,0
DA:618,0
DA:619,0
DA:620,0
DA:621,0
DA:622,0
DA:623,0
DA:624,0
DA:625,0
DA:626,0
DA:627,0
DA:628,0
DA:629,0
DA:630,0
DA:631,0
DA:632,0
DA:633,0
DA:634,0
DA:635,0
DA:636,0
DA:637,0
DA:638,0
DA:639,0
DA:640,0
DA:641,0
DA:642,0
DA:643,0
DA:644,0
DA:645,0
DA:646,0
DA:647,0
DA:648,0
DA:649,0
DA:650,0
DA:651,0
DA:652,0
DA:653,0
DA:654,0
DA:655,0
DA:656,0
DA:657,0
DA:658,0
DA:659,0
DA:660,0
DA:661,0
DA:662,0
DA:663,0
DA:664,0
DA:665,0
DA:666,0
DA:667,0
DA:668,0
DA:669,0
DA:670,0
DA:671,0
DA:672,0
DA:673,0
DA:674,0
DA:675,0
DA:676,0
DA:677,0
DA:678,0
DA:679,0
DA:680,0
DA:681,0
DA:682,0
DA:683,0
DA:684,0
DA:685,0
DA:686,0
DA:687,6
DA:688,6
DA:689,6
DA:690,6
DA:691,6
LF:691
LH:243
BRDA:38,0,0,0
BRDA:39,1,0,0
BRDA:80,2,0,6
BRDA:93,3,0,0
BRDA:94,4,0,0
BRDA:95,5,0,0
BRDA:96,6,0,0
BRDA:216,7,0,0
BRDA:288,8,0,0
BRDA:366,9,0,0
BRDA:368,10,0,3
BRDA:394,11,0,0
BRDA:398,12,0,3
BRDA:431,13,0,0
BRDA:432,14,0,0
BRDA:473,15,0,0
BRDA:475,16,0,0
BRDA:686,17,0,3
BRDA:688,18,0,0
BRDA:688,19,0,3
BRDA:184,20,0,3
BRDA:190,21,0,0
BRDA:198,22,0,0
BRDA:205,23,0,3
BRDA:208,24,0,0
BRDA:214,25,0,3
BRDA:215,26,0,0
BRDA:218,27,0,3
BRDA:221,28,0,0
BRDA:226,29,0,3
BRDA:227,30,0,0
BRDA:229,31,0,0
BRDA:241,32,0,3
BRDA:244,33,0,0
BRDA:252,34,0,0
BRDA:255,35,0,3
BRDA:256,36,0,0
BRDA:256,37,0,0
BRDA:258,38,0,0
BRDA:263,39,0,3
BRDA:264,40,0,0
BRDA:266,41,0,0
BRDA:443,42,0,9
BRDA:447,43,0,3
BRDA:447,44,0,6
BRF:45
BRH:16
end_of_record
TN:
SF:src/data/question-bank.ts
FN:33,assert
FN:39,gcd
FN:43,lcm
FN:47,roundNumber
FN:51,simplifyFraction
FN:56,fraction
FN:60,formatFractionOrWhole
FN:70,formatPtNumber
FN:74,formatFixedPtNumber
FN:82,parsePtNumber
FN:86,parseFraction
FN:91,buildChoices
FN:108,buildNumericChoices
FN:114,formatter
FN:123,buildQuestion
FN:142,buildFixedOptionsQuestion
FN:165,makeId
FN:169,buildEquivalentQuestions
FN:273,buildSimplificationQuestions
FN:313,makeSimplificationQuestion
FN:342,buildPercentageQuestions
FN:385,makeDirectQuestion
FN:413,makeReverseQuestion
FN:443,buildDecimalComparisonQuestions
FN:483,makeComparisonQuestion
FN:511,buildRoundingQuestions
FN:551,makeRoundingQuestion
FN:586,buildFractionComparisonQuestions
FN:626,makeFractionComparison
FN:654,buildFractionOperationQuestions
FN:694,makeOperationQuestion
FN:741,buildNaturalByFractionQuestions
FN:781,makeNaturalByFractionQuestion
FN:821,decimalPlaces
FN:827,wholeDigitsValue
FN:831,buildDecimalMultiplicationQuestions
FN:871,makeDecimalMultiplicationQuestion
FN:907,buildDecimalDivisionQuestions
FN:947,makeDecimalDivisionQuestion
FN:981,buildQuestionBank
FN:1000,validateQuestionBank
FNF:41
FNH:41
FNDA:8776,assert
FNDA:6048,gcd
FNDA:120,lcm
FNDA:3840,roundNumber
FNDA:1320,simplifyFraction
FNDA:2352,fraction
FNDA:1200,formatFractionOrWhole
FNDA:2400,formatPtNumber
FNDA:840,formatFixedPtNumber
FNDA:480,parsePtNumber
FNDA:480,parseFraction
FNDA:960,buildChoices
FNDA:480,buildNumericChoices
FNDA:840,formatter
FNDA:960,buildQuestion
FNDA:240,buildFixedOptionsQuestion
FNDA:1200,makeId
FNDA:4,buildEquivalentQuestions
FNDA:4,buildSimplificationQuestions
FNDA:120,makeSimplificationQuestion
FNDA:4,buildPercentageQuestions
FNDA:100,makeDirectQuestion
FNDA:20,makeReverseQuestion
FNDA:4,buildDecimalComparisonQuestions
FNDA:120,makeComparisonQuestion
FNDA:4,buildRoundingQuestions
FNDA:120,makeRoundingQuestion
FNDA:4,buildFractionComparisonQuestions
FNDA:120,makeFractionComparison
FNDA:4,buildFractionOperationQuestions
FNDA:120,makeOperationQuestion
FNDA:4,buildNaturalByFractionQuestions
FNDA:120,makeNaturalByFractionQuestion
FNDA:240,decimalPlaces
FNDA:240,wholeDigitsValue
FNDA:4,buildDecimalMultiplicationQuestions
FNDA:120,makeDecimalMultiplicationQuestion
FNDA:4,buildDecimalDivisionQuestions
FNDA:120,makeDecimalDivisionQuestion
FNDA:4,buildQuestionBank
FNDA:4,validateQuestionBank
DA:1,1
DA:2,1
DA:3,1
DA:4,1
DA:5,1
DA:6,1
DA:7,1
DA:8,1
DA:9,1
DA:10,1
DA:11,1
DA:12,1
DA:13,1
DA:14,1
DA:15,1
DA:16,1
DA:17,1
DA:18,1
DA:19,1
DA:20,1
DA:21,1
DA:22,1
DA:23,1
DA:24,1
DA:25,1
DA:26,1
DA:27,1
DA:28,1
DA:29,1
DA:30,1
DA:31,1
DA:32,1
DA:33,8776
DA:34,8776
DA:35,0
DA:36,0
DA:37,8776
DA:38,1
DA:39,6048
DA:40,6048
DA:41,6048
DA:42,1
DA:43,120
DA:44,120
DA:45,120
DA:46,1
DA:47,3840
DA:48,3840
DA:49,3840
DA:50,1
DA:51,1320
DA:52,1320
DA:53,1320
DA:54,1320
DA:55,1
DA:56,2352
DA:57,2352
DA:58,2352
DA:59,1
DA:60,1200
DA:61,1200
DA:62,1200
DA:63,1200
DA:64,88
DA:65,88
DA:66,1112
DA:67,1112
DA:68,1112
DA:69,1
DA:70,2400
DA:71,2400
DA:72,2400
DA:73,1
DA:74,840
DA:75,840
DA:76,560
DA:77,560
DA:78,280
DA:79,280
DA:80,280
DA:81,1
DA:82,480
DA:83,480
DA:84,480
DA:85,1
DA:86,480
DA:87,480
DA:88,480
DA:89,480
DA:90,1
DA:91,960
DA:92,960
DA:93,960
DA:94,960
DA:95,960
DA:96,960
DA:97,960
DA:98,960
DA:99,960
DA:100,960
DA:101,960
DA:102,960
DA:103,960
DA:104,960
DA:105,960
DA:106,960
DA:107,1
DA:108,480
DA:109,480
DA:110,480
DA:111,480
DA:112,480
DA:113,480
DA:114,480
DA:115,480
DA:116,480
DA:117,480
DA:118,480
DA:119,480
DA:120,480
DA:121,480
DA:122,1
DA:123,960
DA:124,960
DA:125,960
DA:126,960
DA:127,960
DA:128,960
DA:129,960
DA:130,960
DA:131,960
DA:132,960
DA:133,960
DA:134,960
DA:135,960
DA:136,960
DA:137,960
DA:138,960
DA:139,960
DA:140,960
DA:141,1
DA:142,240
DA:143,240
DA:144,240
DA:145,240
DA:146,240
DA:147,240
DA:148,240
DA:149,240
DA:150,240
DA:151,240
DA:152,240
DA:153,240
DA:154,240
DA:155,240
DA:156,240
DA:157,240
DA:158,240
DA:159,240
DA:160,240
DA:161,240
DA:162,240
DA:163,240
DA:164,1
DA:165,1200
DA:166,1200
DA:167,1200
DA:168,1
DA:169,4
DA:170,4
DA:171,4
DA:172,4
DA:173,4
DA:174,4
DA:175,4
DA:176,4
DA:177,4
DA:178,4
DA:179,4
DA:180,4
DA:181,4
DA:182,4
DA:183,4
DA:184,4
DA:185,4
DA:186,4
DA:187,4
DA:188,4
DA:189,4
DA:190,4
DA:191,4
DA:192,4
DA:193,4
DA:194,4
DA:195,4
DA:196,4
DA:197,4
DA:198,4
DA:199,4
DA:200,4
DA:201,4
DA:202,4
DA:203,4
DA:204,4
DA:205,4
DA:206,4
DA:207,4
DA:208,4
DA:209,4
DA:210,40
DA:211,40
DA:212,40
DA:213,40
DA:214,40
DA:215,40
DA:216,40
DA:217,40
DA:218,40
DA:219,40
DA:220,40
DA:221,40
DA:222,40
DA:223,40
DA:224,4
DA:225,4
DA:226,4
DA:227,4
DA:228,4
DA:229,40
DA:230,40
DA:231,40
DA:232,40
DA:233,40
DA:234,40
DA:235,40
DA:236,40
DA:237,40
DA:238,40
DA:239,40
DA:240,40
DA:241,40
DA:242,40
DA:243,40
DA:244,40
DA:245,4
DA:246,4
DA:247,40
DA:248,40
DA:249,40
DA:250,40
DA:251,40
DA:252,40
DA:253,40
DA:254,40
DA:255,40
DA:256,40
DA:257,40
DA:258,40
DA:259,40
DA:260,40
DA:261,40
DA:262,40
DA:263,40
DA:264,40
DA:265,40
DA:266,40
DA:267,40
DA:268,40
DA:269,4
DA:270,4
DA:271,4
DA:272,1
DA:273,4
DA:274,4
DA:275,4
DA:276,4
DA:277,4
DA:278,4
DA:279,4
DA:280,4
DA:281,4
DA:282,4
DA:283,4
DA:284,4
DA:285,4
DA:286,4
DA:287,4
DA:288,4
DA:289,4
DA:290,4
DA:291,4
DA:292,4
DA:293,4
DA:294,4
DA:295,4
DA:296,4
DA:297,4
DA:298,4
DA:299,4
DA:300,4
DA:301,4
DA:302,4
DA:303,4
DA:304,4
DA:305,4
DA:306,4
DA:307,4
DA:308,4
DA:309,4
DA:310,4
DA:311,4
DA:312,4
DA:313,4
DA:314,120
DA:315,120
DA:316,120
DA:317,120
DA:318,120
DA:319,120
DA:320,120
DA:321,120
DA:322,120
DA:323,120
DA:324,120
DA:325,120
DA:326,120
DA:327,120
DA:328,120
DA:329,120
DA:330,120
DA:331,120
DA:332,120
DA:333,120
DA:334,4
DA:335,4
DA:336,4
DA:337,4
DA:338,4
DA:339,4
DA:340,4
DA:341,1
DA:342,4
DA:343,4
DA:344,4
DA:345,4
DA:346,4
DA:347,4
DA:348,4
DA:349,4
DA:350,4
DA:351,4
DA:352,4
DA:353,4
DA:354,4
DA:355,4
DA:356,4
DA:357,4
DA:358,4
DA:359,4
DA:360,4
DA:361,4
DA:362,4
DA:363,4
DA:364,4
DA:365,4
DA:366,4
DA:367,4
DA:368,4
DA:369,4
DA:370,4
DA:371,4
DA:372,4
DA:373,4
DA:374,4
DA:375,4
DA:376,4
DA:377,4
DA:378,4
DA:379,4
DA:380,4
DA:381,4
DA:382,4
DA:383,4
DA:384,4
DA:385,4
DA:386,100
DA:387,100
DA:388,100
DA:389,100
DA:390,100
DA:391,100
DA:392,100
DA:393,100
DA:394,100
DA:395,100
DA:396,100
DA:397,100
DA:398,100
DA:399,100
DA:400,100
DA:401,100
DA:402,100
DA:403,100
DA:404,100
DA:405,100
DA:406,100
DA:407,100
DA:408,100
DA:409,100
DA:410,100
DA:411,100
DA:412,4
DA:413,4
DA:414,20
DA:415,20
DA:416,20
DA:417,20
DA:418,20
DA:419,20
DA:420,20
DA:421,20
DA:422,20
DA:423,20
DA:424,20
DA:425,20
DA:426,20
DA:427,20
DA:428,20
DA:429,20
DA:430,20
DA:431,20
DA:432,20
DA:433,20
DA:434,4
DA:435,4
DA:436,4
DA:437,4
DA:438,4
DA:439,4
DA:440,4
DA:441,4
DA:442,1
DA:443,4
DA:444,4
DA:445,4
DA:446,4
DA:447,4
DA:448,4
DA:449,4
DA:450,4
DA:451,4
DA:452,4
DA:453,4
DA:454,4
DA:455,4
DA:456,4
DA:457,4
DA:458,4
DA:459,4
DA:460,4
DA:461,4
DA:462,4
DA:463,4
DA:464,4
DA:465,4
DA:466,4
DA:467,4
DA:468,4
DA:469,4
DA:470,4
DA:471,4
DA:472,4
DA:473,4
DA:474,4
DA:475,4
DA:476,4
DA:477,4
DA:478,4
DA:479,4
DA:480,4
DA:481,4
DA:482,4
DA:483,4
DA:484,120
DA:485,120
DA:486,120
DA:487,120
DA:488,120
DA:489,120
DA:490,120
DA:491,120
DA:492,120
DA:493,120
DA:494,120
DA:495,120
DA:496,120
DA:497,120
DA:498,120
DA:499,120
DA:500,120
DA:501,120
DA:502,120
DA:503,4
DA:504,4
DA:505,4
DA:506,4
DA:507,4
DA:508,4
DA:509,4
DA:510,1
DA:511,4
DA:512,4
DA:513,4
DA:514,4
DA:515,4
DA:516,4
DA:517,4
DA:518,4
DA:519,4
DA:520,4
DA:521,4
DA:522,4
DA:523,4
DA:524,4
DA:525,4
DA:526,4
DA:527,4
DA:528,4
DA:529,4
DA:530,4
DA:531,4
DA:532,4
DA:533,4
DA:534,4
DA:535,4
DA:536,4
DA:537,4
DA:538,4
DA:539,4
DA:540,4
DA:541,4
DA:542,4
DA:543,4
DA:544,4
DA:545,4
DA:546,4
DA:547,4
DA:548,4
DA:549,4
DA:550,4
DA:551,4
DA:552,120
DA:553,120
DA:554,120
DA:555,120
DA:556,120
DA:557,120
DA:558,120
DA:559,120
DA:560,120
DA:561,120
DA:562,120
DA:563,120
DA:564,120
DA:565,120
DA:566,120
DA:567,120
DA:568,120
DA:569,120
DA:570,120
DA:571,120
DA:572,120
DA:573,120
DA:574,120
DA:575,120
DA:576,120
DA:577,120
DA:578,4
DA:579,4
DA:580,4
DA:581,4
DA:582,4
DA:583,4
DA:584,4
DA:585,1
DA:586,4
DA:587,4
DA:588,4
DA:589,4
DA:590,4
DA:591,4
DA:592,4
DA:593,4
DA:594,4
DA:595,4
DA:596,4
DA:597,4
DA:598,4
DA:599,4
DA:600,4
DA:601,4
DA:602,4
DA:603,4
DA:604,4
DA:605,4
DA:606,4
DA:607,4
DA:608,4
DA:609,4
DA:610,4
DA:611,4
DA:612,4
DA:613,4
DA:614,4
DA:615,4
DA:616,4
DA:617,4
DA:618,4
DA:619,4
DA:620,4
DA:621,4
DA:622,4
DA:623,4
DA:624,4
DA:625,4
DA:626,4
DA:627,120
DA:628,120
DA:629,120
DA:630,120
DA:631,120
DA:632,120
DA:633,120
DA:634,120
DA:635,120
DA:636,120
DA:637,120
DA:638,120
DA:639,120
DA:640,120
DA:641,120
DA:642,120
DA:643,120
DA:644,120
DA:645,120
DA:646,4
DA:647,4
DA:648,4
DA:649,4
DA:650,4
DA:651,4
DA:652,4
DA:653,1
DA:654,4
DA:655,4
DA:656,4
DA:657,4
DA:658,4
DA:659,4
DA:660,4
DA:661,4
DA:662,4
DA:663,4
DA:664,4
DA:665,4
DA:666,4
DA:667,4
DA:668,4
DA:669,4
DA:670,4
DA:671,4
DA:672,4
DA:673,4
DA:674,4
DA:675,4
DA:676,4
DA:677,4
DA:678,4
DA:679,4
DA:680,4
DA:681,4
DA:682,4
DA:683,4
DA:684,4
DA:685,4
DA:686,4
DA:687,4
DA:688,4
DA:689,4
DA:690,4
DA:691,4
DA:692,4
DA:693,4
DA:694,4
DA:695,120
DA:696,120
DA:697,120
DA:698,120
DA:699,120
DA:700,120
DA:701,120
DA:702,120
DA:703,120
DA:704,120
DA:705,120
DA:706,120
DA:707,120
DA:708,120
DA:709,120
DA:710,120
DA:711,120
DA:712,120
DA:713,120
DA:714,120
DA:715,120
DA:716,120
DA:717,120
DA:718,120
DA:719,120
DA:720,120
DA:721,120
DA:722,120
DA:723,120
DA:724,120
DA:725,120
DA:726,120
DA:727,120
DA:728,120
DA:729,120
DA:730,120
DA:731,120
DA:732,120
DA:733,4
DA:734,4
DA:735,4
DA:736,4
DA:737,4
DA:738,4
DA:739,4
DA:740,1
DA:741,4
DA:742,4
DA:743,4
DA:744,4
DA:745,4
DA:746,4
DA:747,4
DA:748,4
DA:749,4
DA:750,4
DA:751,4
DA:752,4
DA:753,4
DA:754,4
DA:755,4
DA:756,4
DA:757,4
DA:758,4
DA:759,4
DA:760,4
DA:761,4
DA:762,4
DA:763,4
DA:764,4
DA:765,4
DA:766,4
DA:767,4
DA:768,4
DA:769,4
DA:770,4
DA:771,4
DA:772,4
DA:773,4
DA:774,4
DA:775,4
DA:776,4
DA:777,4
DA:778,4
DA:779,4
DA:780,4
DA:781,4
DA:782,120
DA:783,120
DA:784,120
DA:785,120
DA:786,120
DA:787,120
DA:788,120
DA:789,120
DA:790,120
DA:791,120
DA:792,120
DA:793,120
DA:794,120
DA:795,120
DA:796,120
DA:797,120
DA:798,120
DA:799,120
DA:800,120
DA:801,120
DA:802,120
DA:803,120
DA:804,120
DA:805,120
DA:806,120
DA:807,4
DA:808,4
DA:809,4
DA:810,40
DA:811,4
DA:812,4
DA:813,40
DA:814,4
DA:815,4
DA:816,40
DA:817,4
DA:818,4
DA:819,4
DA:820,1
DA:821,240
DA:822,240
DA:823,240
DA:824,240
DA:825,240
DA:826,1
DA:827,240
DA:828,240
DA:829,240
DA:830,1
DA:831,4
DA:832,4
DA:833,4
DA:834,4
DA:835,4
DA:836,4
DA:837,4
DA:838,4
DA:839,4
DA:840,4
DA:841,4
DA:842,4
DA:843,4
DA:844,4
DA:845,4
DA:846,4
DA:847,4
DA:848,4
DA:849,4
DA:850,4
DA:851,4
DA:852,4
DA:853,4
DA:854,4
DA:855,4
DA:856,4
DA:857,4
DA:858,4
DA:859,4
DA:860,4
DA:861,4
DA:862,4
DA:863,4
DA:864,4
DA:865,4
DA:866,4
DA:867,4
DA:868,4
DA:869,4
DA:870,4
DA:871,4
DA:872,120
DA:873,120
DA:874,120
DA:875,120
DA:876,120
DA:877,120
DA:878,120
DA:879,120
DA:880,120
DA:881,120
DA:882,120
DA:883,120
DA:884,120
DA:885,120
DA:886,120
DA:887,120
DA:888,120
DA:889,120
DA:890,120
DA:891,120
DA:892,120
DA:893,120
DA:894,120
DA:895,120
DA:896,120
DA:897,120
DA:898,120
DA:899,4
DA:900,4
DA:901,4
DA:902,4
DA:903,4
DA:904,4
DA:905,4
DA:906,1
DA:907,4
DA:908,4
DA:909,4
DA:910,4
DA:911,4
DA:912,4
DA:913,4
DA:914,4
DA:915,4
DA:916,4
DA:917,4
DA:918,4
DA:919,4
DA:920,4
DA:921,4
DA:922,4
DA:923,4
DA:924,4
DA:925,4
DA:926,4
DA:927,4
DA:928,4
DA:929,4
DA:930,4
DA:931,4
DA:932,4
DA:933,4
DA:934,4
DA:935,4
DA:936,4
DA:937,4
DA:938,4
DA:939,4
DA:940,4
DA:941,4
DA:942,4
DA:943,4
DA:944,4
DA:945,4
DA:946,4
DA:947,4
DA:948,120
DA:949,120
DA:950,120
DA:951,120
DA:952,120
DA:953,120
DA:954,120
DA:955,120
DA:956,120
DA:957,120
DA:958,120
DA:959,120
DA:960,120
DA:961,120
DA:962,120
DA:963,120
DA:964,120
DA:965,120
DA:966,120
DA:967,120
DA:968,120
DA:969,120
DA:970,120
DA:971,120
DA:972,120
DA:973,4
DA:974,4
DA:975,4
DA:976,4
DA:977,4
DA:978,4
DA:979,4
DA:980,1
DA:981,4
DA:982,4
DA:983,4
DA:984,4
DA:985,4
DA:986,4
DA:987,4
DA:988,4
DA:989,4
DA:990,4
DA:991,4
DA:992,4
DA:993,4
DA:994,4
DA:995,4
DA:996,4
DA:997,4
DA:998,4
DA:999,1
DA:1000,4
DA:1001,4
DA:1002,4
DA:1003,4
DA:1004,4
DA:1005,4
DA:1006,4
DA:1007,4
DA:1008,1200
DA:1009,1200
DA:1010,1200
DA:1011,1200
DA:1012,1200
DA:1013,1200
DA:1014,1200
DA:1015,1200
DA:1016,1200
DA:1017,1200
DA:1018,1200
DA:1019,1200
DA:1020,1200
DA:1021,4
DA:1022,4
DA:1023,12
DA:1024,12
DA:1025,4
DA:1026,4
DA:1027,40
DA:1028,120
DA:1029,120
DA:1030,120
DA:1031,120
DA:1032,120
DA:1033,120
DA:1034,40
DA:1035,4
DA:1036,1
DA:1037,1
LF:1037
LH:1035
BRDA:33,0,0,8776
BRDA:34,1,0,0
BRDA:39,2,0,6048
BRDA:40,3,0,1560
BRDA:40,4,0,4488
BRDA:43,5,0,120
BRDA:47,6,0,3840
BRDA:51,7,0,1320
BRDA:56,8,0,2352
BRDA:60,9,0,1200
BRDA:63,10,0,88
BRDA:65,11,0,1112
BRDA:70,12,0,2400
BRDA:74,13,0,840
BRDA:75,14,0,560
BRDA:77,15,0,280
BRDA:82,16,0,480
BRDA:86,17,0,480
BRDA:91,18,0,960
BRDA:92,19,0,3840
BRDA:93,20,0,3664
BRDA:108,21,0,480
BRDA:114,22,0,360
BRDA:114,23,0,120
BRDA:114,24,0,840
BRDA:118,25,0,2160
BRDA:123,26,0,960
BRDA:142,27,0,240
BRDA:165,28,0,1200
BRDA:169,29,0,4
BRDA:209,30,0,40
BRDA:228,31,0,40
BRDA:246,32,0,40
BRDA:273,33,0,4
BRDA:313,34,0,120
BRDA:336,35,0,40
BRDA:337,36,0,40
BRDA:338,37,0,40
BRDA:342,38,0,4
BRDA:385,39,0,100
BRDA:413,40,0,20
BRDA:436,41,0,40
BRDA:437,42,0,40
BRDA:438,43,0,20
BRDA:439,44,0,20
BRDA:443,45,0,4
BRDA:483,46,0,120
BRDA:490,47,0,60
BRDA:490,48,0,60
BRDA:497,49,0,60
BRDA:497,50,0,60
BRDA:491,51,0,256
BRDA:505,52,0,40
BRDA:506,53,0,40
BRDA:507,54,0,40
BRDA:511,55,0,4
BRDA:551,56,0,120
BRDA:580,57,0,40
BRDA:581,58,0,40
BRDA:582,59,0,40
BRDA:586,60,0,4
BRDA:626,61,0,120
BRDA:633,62,0,60
BRDA:633,63,0,60
BRDA:640,64,0,60
BRDA:640,65,0,60
BRDA:634,66,0,312
BRDA:648,67,0,40
BRDA:649,68,0,40
BRDA:650,69,0,40
BRDA:654,70,0,4
BRDA:694,71,0,120
BRDA:707,72,0,60
BRDA:707,73,0,60
BRDA:710,74,0,60
BRDA:710,75,0,60
BRDA:712,76,0,60
BRDA:712,77,0,60
BRDA:723,78,0,0
BRDA:725,79,0,0
BRDA:727,80,0,0
BRDA:735,81,0,40
BRDA:736,82,0,40
BRDA:737,83,0,40
BRDA:741,84,0,4
BRDA:781,85,0,120
BRDA:809,86,0,40
BRDA:812,87,0,40
BRDA:815,88,0,40
BRDA:821,89,0,240
BRDA:827,90,0,240
BRDA:831,91,0,4
BRDA:871,92,0,120
BRDA:901,93,0,40
BRDA:902,94,0,40
BRDA:903,95,0,40
BRDA:907,96,0,4
BRDA:947,97,0,120
BRDA:975,98,0,40
BRDA:976,99,0,40
BRDA:977,100,0,40
BRDA:981,101,0,4
BRDA:1000,102,0,4
BRDA:1007,103,0,1200
BRDA:1016,104,0,12
BRDA:1019,105,0,120
BRDA:1022,106,0,12
BRDA:1026,107,0,40
BRDA:1027,108,0,120
BRF:109
BRH:105
end_of_record
TN:
SF:src/lib/email.ts
FN:1,(empty-report)
FNF:1
FNH:0
FNDA:0,(empty-report)
DA:1,0
DA:2,0
DA:3,0
DA:4,0
DA:5,0
DA:6,0
DA:7,0
DA:8,0
DA:9,0
DA:10,0
DA:11,0
DA:12,0
DA:13,0
DA:14,0
DA:15,0
DA:16,0
DA:17,0
DA:18,0
DA:19,0
DA:20,0
DA:21,0
DA:22,0
DA:23,0
DA:24,0
DA:25,0
DA:26,0
DA:27,0
DA:28,0
DA:29,0
DA:30,0
DA:31,0
DA:32,0
DA:33,0
DA:34,0
DA:35,0
DA:36,0
DA:37,0
DA:38,0
DA:39,0
DA:40,0
DA:41,0
DA:42,0
DA:43,0
DA:44,0
DA:45,0
DA:46,0
DA:47,0
DA:48,0
DA:49,0
DA:50,0
DA:51,0
DA:52,0
DA:53,0
DA:54,0
DA:55,0
DA:56,0
DA:57,0
DA:58,0
DA:59,0
DA:60,0
DA:61,0
DA:62,0
DA:63,0
DA:64,0
DA:65,0
DA:66,0
DA:67,0
DA:68,0
DA:69,0
DA:70,0
DA:71,0
DA:72,0
DA:73,0
DA:74,0
DA:75,0
DA:76,0
DA:77,0
DA:78,0
DA:79,0
DA:80,0
DA:81,0
DA:82,0
DA:83,0
DA:84,0
DA:85,0
DA:86,0
DA:87,0
DA:88,0
DA:89,0
DA:90,0
DA:91,0
DA:92,0
DA:93,0
DA:94,0
DA:95,0
DA:96,0
DA:97,0
DA:98,0
DA:99,0
DA:100,0
DA:101,0
DA:102,0
DA:103,0
DA:104,0
DA:105,0
DA:106,0
DA:107,0
DA:108,0
DA:109,0
DA:110,0
DA:111,0
DA:112,0
DA:113,0
DA:114,0
DA:115,0
DA:116,0
DA:117,0
DA:118,0
DA:119,0
DA:120,0
DA:121,0
DA:122,0
DA:123,0
DA:124,0
DA:125,0
DA:126,0
DA:127,0
DA:128,0
DA:129,0
DA:130,0
DA:131,0
DA:132,0
DA:133,0
DA:134,0
DA:135,0
DA:136,0
DA:137,0
DA:138,0
DA:139,0
DA:140,0
DA:141,0
DA:142,0
DA:143,0
DA:144,0
DA:145,0
DA:146,0
DA:147,0
DA:148,0
DA:149,0
DA:150,0
DA:151,0
DA:152,0
DA:153,0
DA:154,0
DA:155,0
LF:155
LH:0
BRDA:1,0,0,0
BRF:1
BRH:0
end_of_record
TN:
SF:src/lib/game.ts
FN:46,assert
FN:52,clone
FN:56,shuffle
FN:67,hashString
FN:78,serializeSessionForIntegrity
FN:98,signSession
FN:105,groupByTopic
FN:117,pickQuestionsByDifficulty
FN:148,selectRunQuestions
FN:160,getQuestionPoints
FN:164,createRunSession
FN:191,getCurrentQuestion
FN:199,getCurrentAnswer
FN:207,submitAnswer
FN:242,advanceSession
FN:255,setRunSound
FN:262,setEmailState
FN:274,formatScore
FN:278,formatElapsedTime
FN:290,getTotalTimeSeconds
FN:295,getAnsweredCount
FN:299,getCorrectCount
FN:303,getWrongCount
FN:307,getTopMistakeTopics
FN:329,getMissedQuestions
FN:350,buildResultsPayload
FN:368,validateRunSession
FNF:27
FNH:23
FNDA:242,assert
FNDA:26,clone
FNDA:312,shuffle
FNDA:42,hashString
FNDA:42,serializeSessionForIntegrity
FNDA:41,signSession
FNDA:78,groupByTopic
FNDA:78,pickQuestionsByDifficulty
FNDA:26,selectRunQuestions
FNDA:9,getQuestionPoints
FNDA:22,createRunSession
FNDA:21,getCurrentQuestion
FNDA:0,getCurrentAnswer
FNDA:12,submitAnswer
FNDA:4,advanceSession
FNDA:2,setRunSound
FNDA:1,setEmailState
FNDA:3,formatScore
FNDA:3,formatElapsedTime
FNDA:0,getTotalTimeSeconds
FNDA:1,getAnsweredCount
FNDA:1,getCorrectCount
FNDA:1,getWrongCount
FNDA:1,getTopMistakeTopics
FNDA:0,getMissedQuestions
FNDA:0,buildResultsPayload
FNDA:1,validateRunSession
DA:1,1
DA:2,1
DA:3,1
DA:4,1
DA:5,1
DA:6,1
DA:7,1
DA:8,1
DA:9,1
DA:10,1
DA:11,1
DA:12,1
DA:13,1
DA:14,1
DA:15,1
DA:16,1
DA:17,1
DA:18,1
DA:19,1
DA:20,1
DA:21,1
DA:22,1
DA:23,1
DA:24,1
DA:25,1
DA:26,1
DA:27,1
DA:28,1
DA:29,1
DA:30,1
DA:31,1
DA:32,1
DA:33,1
DA:34,1
DA:35,1
DA:36,1
DA:37,1
DA:38,1
DA:39,1
DA:40,1
DA:41,1
DA:42,1
DA:43,1
DA:44,1
DA:45,1
DA:46,242
DA:47,242
DA:48,0
DA:49,0
DA:50,242
DA:51,1
DA:52,26
DA:53,26
DA:54,26
DA:55,1
DA:56,312
DA:57,312
DA:58,312
DA:59,312
DA:60,9828
DA:61,9828
DA:62,9828
DA:63,312
DA:64,312
DA:65,312
DA:66,1
DA:67,42
DA:68,42
DA:69,42
DA:70,42
DA:71,598841
DA:72,598841
DA:73,598841
DA:74,42
DA:75,42
DA:76,42
DA:77,1
DA:78,42
DA:79,42
DA:80,42
DA:81,42
DA:82,42
DA:83,42
DA:84,42
DA:85,42
DA:86,42
DA:87,42
DA:88,42
DA:89,42
DA:90,42
DA:91,42
DA:92,42
DA:93,42
DA:94,42
DA:95,42
DA:96,42
DA:97,1
DA:98,1
DA:99,41
DA:100,41
DA:101,41
DA:102,41
DA:103,41
DA:104,1
DA:105,78
DA:106,78
DA:107,78
DA:108,78
DA:109,7800
DA:110,7800
DA:111,7800
DA:112,7800
DA:113,78
DA:114,78
DA:115,78
DA:116,1
DA:117,78
DA:118,78
DA:119,78
DA:120,78
DA:121,78
DA:122,78
DA:123,78
DA:124,156
DA:125,156
DA:126,156
DA:127,156
DA:128,1300
DA:129,1300
DA:130,1300
DA:131,0
DA:132,0
DA:133,1300
DA:134,1300
DA:135,1300
DA:136,1300
DA:137,1300
DA:138,1300
DA:139,1300
DA:140,78
DA:141,78
DA:142,1300
DA:143,156
DA:144,78
DA:145,78
DA:146,78
DA:147,1
DA:148,1
DA:149,26
DA:150,26
DA:151,26
DA:152,26
DA:153,26
DA:154,26
DA:155,26
DA:156,26
DA:157,26
DA:158,26
DA:159,1
DA:160,1
DA:161,9
DA:162,9
DA:163,1
DA:164,1
DA:165,22
DA:166,22
DA:167,22
DA:168,22
DA:169,22
DA:170,22
DA:171,22
DA:172,22
DA:173,22
DA:174,22
DA:175,22
DA:176,22
DA:177,22
DA:178,22
DA:179,22
DA:180,22
DA:181,22
DA:182,22
DA:183,22
DA:184,22
DA:185,22
DA:186,22
DA:187,22
DA:188,22
DA:189,22
DA:190,1
DA:191,1
DA:192,21
DA:193,0
DA:194,0
DA:195,21
DA:196,21
DA:197,21
DA:198,1
DA:199,1
DA:200,0
DA:201,0
DA:202,0
DA:203,0
DA:204,0
DA:205,0
DA:206,1
DA:207,1
DA:208,12
DA:209,12
DA:210,12
DA:211,12
DA:212,12
DA:213,12
DA:214,12
DA:215,12
DA:216,12
DA:217,12
DA:218,12
DA:219,12
DA:220,12
DA:221,12
DA:222,12
DA:223,12
DA:224,12
DA:225,12
DA:226,12
DA:227,12
DA:228,12
DA:229,12
DA:230,12
DA:231,12
DA:232,12
DA:233,12
DA:234,12
DA:235,12
DA:236,12
DA:237,12
DA:238,12
DA:239,12
DA:240,12
DA:241,1
DA:242,1
DA:243,4
DA:244,4
DA:245,4
DA:246,4
DA:247,4
DA:248,4
DA:249,4
DA:250,4
DA:251,4
DA:252,4
DA:253,4
DA:254,1
DA:255,1
DA:256,2
DA:257,2
DA:258,2
DA:259,2
DA:260,2
DA:261,1
DA:262,1
DA:263,1
DA:264,1
DA:265,1
DA:266,1
DA:267,1
DA:268,1
DA:269,1
DA:270,1
DA:271,1
DA:272,1
DA:273,1
DA:274,1
DA:275,3
DA:276,3
DA:277,1
DA:278,1
DA:279,3
DA:280,3
DA:281,3
DA:282,3
DA:283,3
DA:284,1
DA:285,1
DA:286,2
DA:287,2
DA:288,2
DA:289,1
DA:290,1
DA:291,0
DA:292,0
DA:293,0
DA:294,1
DA:295,1
DA:296,1
DA:297,1
DA:298,1
DA:299,1
DA:300,1
DA:301,1
DA:302,1
DA:303,1
DA:304,1
DA:305,1
DA:306,1
DA:307,1
DA:308,1
DA:309,1
DA:310,1
DA:311,1
DA:312,0
DA:313,0
DA:314,1
DA:315,1
DA:316,1
DA:317,0
DA:318,0
DA:319,1
DA:320,1
DA:321,1
DA:322,1
DA:323,1
DA:324,1
DA:325,1
DA:326,1
DA:327,1
DA:328,1
DA:329,1
DA:330,0
DA:331,0
DA:332,0
DA:333,0
DA:334,0
DA:335,0
DA:336,0
DA:337,0
DA:338,0
DA:339,0
DA:340,0
DA:341,0
DA:342,0
DA:343,0
DA:344,0
DA:345,0
DA:346,0
DA:347,0
DA:348,0
DA:349,1
DA:350,1
DA:351,0
DA:352,0
DA:353,0
DA:354,0
DA:355,0
DA:356,0
DA:357,0
DA:358,0
DA:359,0
DA:360,0
DA:361,0
DA:362,0
DA:363,0
DA:364,0
DA:365,0
DA:366,0
DA:367,1
DA:368,1
DA:369,1
DA:370,0
DA:371,0
DA:372,1
DA:373,1
DA:374,1
DA:375,1
DA:376,0
DA:377,0
DA:378,1
DA:379,1
DA:380,0
DA:381,0
DA:382,1
DA:383,1
DA:384,0
DA:385,0
DA:386,1
DA:387,1
DA:388,0
DA:389,0
DA:390,1
DA:391,1
DA:392,0
DA:393,0
DA:394,1
DA:395,1
DA:396,1
DA:397,1
DA:398,0
DA:399,1
DA:400,0
DA:401,0
DA:402,1
DA:403,1
DA:404,0
DA:405,0
DA:406,1
DA:407,1
DA:408,0
DA:409,0
DA:410,0
DA:411,0
DA:412,0
DA:413,0
DA:414,0
DA:415,0
DA:416,0
DA:417,0
DA:418,0
DA:419,1
DA:420,1
DA:421,1
DA:422,0
DA:423,0
DA:424,1
DA:425,1
DA:426,1
DA:427,1
DA:428,1
DA:429,0
DA:430,0
DA:431,1
DA:432,1
DA:433,1
LF:433
LH:347
BRDA:46,0,0,242
BRDA:47,1,0,0
BRDA:52,2,0,26
BRDA:56,3,0,312
BRDA:59,4,0,9828
BRDA:67,5,0,42
BRDA:70,6,0,598841
BRDA:78,7,0,42
BRDA:98,8,0,41
BRDA:105,9,0,78
BRDA:108,10,0,7800
BRDA:109,11,0,780
BRDA:117,12,0,78
BRDA:123,13,0,156
BRDA:127,14,0,1300
BRDA:130,15,0,0
BRDA:139,16,0,78
BRDA:118,17,0,23400
BRDA:124,18,0,1560
BRDA:124,19,0,0
BRDA:148,20,0,26
BRDA:160,21,0,9
BRDA:161,22,0,0
BRDA:164,23,0,22
BRDA:191,24,0,21
BRDA:192,25,0,0
BRDA:196,26,0,1
BRDA:207,27,0,12
BRDA:216,28,0,3
BRDA:216,29,0,9
BRDA:236,30,0,0
BRDA:237,31,0,0
BRDA:238,32,0,0
BRDA:242,33,0,4
BRDA:255,34,0,2
BRDA:262,35,0,1
BRDA:274,36,0,3
BRDA:278,37,0,3
BRDA:283,38,0,1
BRDA:285,39,0,2
BRDA:295,40,0,1
BRDA:299,41,0,1
BRDA:300,42,0,1
BRDA:303,43,0,1
BRDA:304,44,0,1
BRDA:307,45,0,1
BRDA:310,46,0,1
BRDA:311,47,0,0
BRDA:316,48,0,0
BRDA:324,49,0,1
BRDA:368,50,0,1
BRDA:369,51,0,0
BRDA:375,52,0,0
BRDA:379,53,0,0
BRDA:383,54,0,0
BRDA:387,55,0,0
BRDA:391,56,0,0
BRDA:397,57,0,0
BRDA:399,58,0,0
BRDA:403,59,0,0
BRDA:403,60,0,0
BRDA:407,61,0,0
BRDA:421,62,0,0
BRDA:428,63,0,0
BRF:64
BRH:41
end_of_record
TN:
SF:src/lib/storage.ts
FN:9,isBrowser
FN:13,saveRunSession
FN:21,loadRunSession
FN:46,clearRunSession
FN:54,saveSoundPreference
FN:62,loadSoundPreference
FNF:6
FNH:6
FNDA:27,isBrowser
FNDA:3,saveRunSession
FNDA:7,loadRunSession
FNDA:1,clearRunSession
FNDA:8,saveSoundPreference
FNDA:8,loadSoundPreference
DA:1,1
DA:2,1
DA:3,1
DA:4,1
DA:5,1
DA:6,1
DA:7,1
DA:8,1
DA:9,27
DA:10,27
DA:11,27
DA:12,1
DA:13,1
DA:14,3
DA:15,0
DA:16,0
DA:17,3
DA:18,3
DA:19,3
DA:20,1
DA:21,1
DA:22,7
DA:23,0
DA:24,0
DA:25,7
DA:26,7
DA:27,7
DA:28,7
DA:29,6
DA:30,6
DA:31,1
DA:32,1
DA:33,1
DA:34,1
DA:35,1
DA:36,4
DA:37,0
DA:38,0
DA:39,1
DA:40,1
DA:41,4
DA:42,0
DA:43,0
DA:44,7
DA:45,1
DA:46,1
DA:47,1
DA:48,0
DA:49,0
DA:50,1
DA:51,1
DA:52,1
DA:53,1
DA:54,1
DA:55,8
DA:56,0
DA:57,0
DA:58,8
DA:59,8
DA:60,8
DA:61,1
DA:62,1
DA:63,8
DA:64,0
DA:65,0
DA:66,8
DA:67,8
DA:68,8
DA:69,8
DA:70,4
DA:71,4
DA:72,4
DA:73,4
DA:74,4
DA:75,5
DA:76,0
DA:77,0
DA:78,8
LF:78
LH:62
BRDA:9,0,0,27
BRDA:13,1,0,3
BRDA:14,2,0,0
BRDA:21,3,0,7
BRDA:22,4,0,0
BRDA:28,5,0,6
BRDA:30,6,0,4
BRDA:30,7,0,1
BRDA:36,8,0,0
BRDA:38,9,0,1
BRDA:41,10,0,0
BRDA:46,11,0,1
BRDA:47,12,0,0
BRDA:54,13,0,8
BRDA:55,14,0,0
BRDA:62,15,0,8
BRDA:63,16,0,0
BRDA:69,17,0,4
BRDA:71,18,0,5
BRDA:71,19,0,4
BRDA:75,20,0,0
BRF:21
BRH:13
end_of_record
TN:
SF:src/types/game.ts
FNF:0
FNH:0
DA:1,1
DA:2,1
DA:3,1
DA:4,1
DA:5,1
DA:6,1
DA:7,1
DA:8,1
DA:9,1
DA:10,1
DA:11,1
DA:12,1
DA:13,1
DA:14,1
DA:15,1
DA:16,1
DA:17,1
DA:18,1
DA:19,1
DA:20,1
DA:21,1
DA:22,1
DA:23,1
DA:24,1
DA:25,1
DA:26,1
DA:27,1
DA:28,1
DA:29,1
DA:30,1
DA:31,1
DA:32,1
DA:33,1
DA:34,1
DA:35,1
DA:36,1
DA:37,1
DA:38,1
DA:39,1
DA:40,1
DA:41,1
DA:42,1
DA:43,1
DA:44,1
DA:45,1
DA:46,1
DA:47,1
DA:48,1
DA:49,1
DA:50,1
DA:51,1
DA:52,1
DA:53,1
DA:54,1
DA:55,1
DA:56,1
DA:57,1
DA:58,1
DA:59,1
DA:60,1
DA:61,1
DA:62,1
DA:63,1
DA:64,1
DA:65,1
DA:66,1
DA:67,1
DA:68,1
DA:69,1
DA:70,1
DA:71,1
DA:72,1
DA:73,1
DA:74,1
DA:75,1
DA:76,1
DA:77,1
DA:78,1
DA:79,1
DA:80,1
DA:81,1
DA:82,1
DA:83,1
DA:84,1
DA:85,1
DA:86,1
DA:87,1
DA:88,1
DA:89,1
DA:90,1
DA:91,1
DA:92,1
DA:93,1
LF:93
LH:93
BRF:0
BRH:0
end_of_record
